<?xml version="1.0" encoding="UTF-8" standalone="no"?>
<!DOCTYPE log SYSTEM "logger.dtd">
<log>
<record>
  <date>2018-09-26T10:48:32</date>
  <millis>1537948112435</millis>
  <sequence>2</sequence>
  <logger>ru.innopolis.stc13.logging.jul.Main</logger>
  <level>INFO</level>
  <class>ru.innopolis.stc13.logging.jul.Main</class>
  <method>main</method>
  <thread>1</thread>
  <message>Message to file and console</message>
</record>
<record>
  <date>2018-09-26T10:48:32</date>
  <millis>1537948112435</millis>
  <sequence>3</sequence>
  <logger>ru.innopolis.stc13.logging.jul.Main</logger>
  <level>WARNING</level>
  <class>ru.innopolis.stc13.logging.jul.Main</class>
  <method>main</method>
  <thread>1</thread>
  <message>Warning message to file and console</message>
</record>
</log>
